<?xml version="1.0" encoding="UTF-8"?>
<!-- Generated by org.testng.reporters.JUnitReportReporter -->
<testsuite hostname="Lenovo-PC" failures="0" tests="1" name="flipkart.com.FlipkartCartTest" time="38.610" errors="0" timestamp="2022-09-21T11:24:53 IST" skipped="0">
  <testcase classname="flipkart.com.FlipkartCartTest" name="cartTest" time="38.610"/>
  <system-out/>
</testsuite> <!-- flipkart.com.FlipkartCartTest -->
